<?xml version="1.0" encoding="UTF-8"?>
<!-- Generated by org.testng.reporters.JUnitReportReporter -->
<testsuite skipped="0" hostname="DESKTOP-DRUE99P" name="testNG.LoginwithDataprovideSetofData" tests="2" failures="0" timestamp="12 Jun 2019 01:25:19 GMT" time="40.548" errors="0">
  <testcase name="f" time="17.699" classname="testNG.LoginwithDataprovideSetofData"/>
  <testcase name="f" time="22.849" classname="testNG.LoginwithDataprovideSetofData"/>
</testsuite> <!-- testNG.LoginwithDataprovideSetofData -->
