<?xml version="1.0" encoding="UTF-8"?>
<!-- Generated by org.testng.reporters.JUnitReportReporter -->
<testsuite skipped="0" hostname="DESKTOP-DRUE99P" name="testNG.Priority_TestNG" tests="6" failures="0" timestamp="23 May 2019 01:47:54 GMT" time="0.038" errors="0">
  <testcase name="best" time="0.004" classname="testNG.Priority_TestNG"/>
  <testcase name="zest" time="0.003" classname="testNG.Priority_TestNG"/>
  <testcase name="test" time="0.003" classname="testNG.Priority_TestNG"/>
  <testcase name="rest" time="0.006" classname="testNG.Priority_TestNG"/>
  <testcase name="next" time="0.019" classname="testNG.Priority_TestNG"/>
  <testcase name="f" time="0.003" classname="testNG.Priority_TestNG"/>
</testsuite> <!-- testNG.Priority_TestNG -->
