<?xml version="1.0" encoding="UTF-8"?>
<!-- Generated by org.testng.reporters.JUnitReportReporter -->
<testsuite skipped="0" hostname="DESKTOP-DRUE99P" name="testNG.FBLoginWithDifferentSetData" tests="4" failures="0" timestamp="12 Jun 2019 01:10:52 GMT" time="0.033" errors="0">
  <testcase name="f" time="0.002" classname="testNG.FBLoginWithDifferentSetData"/>
  <testcase name="f" time="0.003" classname="testNG.FBLoginWithDifferentSetData"/>
  <testcase name="f" time="0.004" classname="testNG.FBLoginWithDifferentSetData"/>
  <testcase name="f" time="0.024" classname="testNG.FBLoginWithDifferentSetData"/>
</testsuite> <!-- testNG.FBLoginWithDifferentSetData -->
