<?xml version="1.0" encoding="UTF-8"?>
<!-- Generated by org.testng.reporters.JUnitReportReporter -->
<testsuite skipped="0" hostname="DESKTOP-DRUE99P" name="testNG.AnatationSample3" tests="3" failures="0" timestamp="23 May 2019 01:38:06 GMT" time="0.015" errors="0">
  <testcase name="scenario2" time="0.004" classname="testNG.AnatationSample3"/>
  <testcase name="scenario3" time="0.004" classname="testNG.AnatationSample3"/>
  <testcase name="scenario1" time="0.007" classname="testNG.AnatationSample3"/>
</testsuite> <!-- testNG.AnatationSample3 -->
