<?xml version="1.0" encoding="UTF-8"?>
<!-- Generated by org.testng.reporters.JUnitReportReporter -->
<testsuite skipped="0" hostname="DESKTOP-DRUE99P" name="testNG.AnnatationsSample" tests="1" failures="0" timestamp="23 May 2019 01:42:25 GMT" time="0.030" errors="0">
  <testcase name="next" time="0.030" classname="testNG.AnnatationsSample"/>
</testsuite> <!-- testNG.AnnatationsSample -->
