<?xml version="1.0" encoding="UTF-8"?>
<!-- Generated by org.testng.reporters.JUnitReportReporter -->
<testsuite skipped="0" hostname="DESKTOP-DRUE99P" name="testNG.Anatation_Sample1" tests="1" failures="0" timestamp="23 May 2019 01:47:54 GMT" time="0.005" errors="0">
  <testcase name="f" time="0.005" classname="testNG.Anatation_Sample1"/>
</testsuite> <!-- testNG.Anatation_Sample1 -->
