<?xml version="1.0" encoding="UTF-8"?>
<!-- Generated by org.testng.reporters.JUnitReportReporter -->
<testsuite skipped="0" hostname="DESKTOP-DRUE99P" name="testNG.AnatationSample2" tests="1" failures="0" timestamp="23 May 2019 01:38:06 GMT" time="0.018" errors="0">
  <testcase name="f" time="0.018" classname="testNG.AnatationSample2"/>
</testsuite> <!-- testNG.AnatationSample2 -->
